[0.103s] DEBUG:colcon:Command line arguments: ['/usr/bin/colcon', 'build', '--packages-select', 'my_robot_pkg']
[0.103s] DEBUG:colcon:Parsed command line arguments: Namespace(log_base=None, log_level=None, verb_name='build', build_base='build', install_base='install', merge_install=False, symlink_install=False, test_result_base=None, continue_on_error=False, executor='parallel', parallel_workers=22, event_handlers=None, ignore_user_meta=False, metas=['./colcon.meta'], base_paths=['.'], packages_ignore=None, packages_ignore_regex=None, paths=None, packages_up_to=None, packages_up_to_regex=None, packages_above=None, packages_above_and_dependencies=None, packages_above_depth=None, packages_select_by_dep=None, packages_skip_by_dep=None, packages_skip_up_to=None, packages_select_build_failed=False, packages_skip_build_finished=False, packages_select_test_failures=False, packages_skip_test_passed=False, packages_select=['my_robot_pkg'], packages_skip=None, packages_select_regex=None, packages_skip_regex=None, packages_start=None, packages_end=None, allow_overriding=[], cmake_args=None, cmake_target=None, cmake_target_skip_unavailable=False, cmake_clean_cache=False, cmake_clean_first=False, cmake_force_configure=False, ament_cmake_args=None, catkin_cmake_args=None, catkin_skip_building_tests=False, verb_parser=<colcon_defaults.argument_parser.defaults.DefaultArgumentsDecorator object at 0x7ba738a17e60>, verb_extension=<colcon_core.verb.build.BuildVerb object at 0x7ba738b92960>, main=<bound method BuildVerb.main of <colcon_core.verb.build.BuildVerb object at 0x7ba738b92960>>)
[0.142s] Level 1:colcon.colcon_core.package_discovery:discover_packages(colcon_meta) check parameters
[0.142s] Level 1:colcon.colcon_core.package_discovery:discover_packages(recursive) check parameters
[0.142s] Level 1:colcon.colcon_core.package_discovery:discover_packages(ignore) check parameters
[0.142s] Level 1:colcon.colcon_core.package_discovery:discover_packages(path) check parameters
[0.142s] Level 1:colcon.colcon_core.package_discovery:discover_packages(colcon_meta) discover
[0.142s] Level 1:colcon.colcon_core.package_discovery:discover_packages(recursive) discover
[0.142s] INFO:colcon.colcon_core.package_discovery:Crawling recursively for packages in '/home/tanish/ros2_ws'
[0.142s] Level 1:colcon.colcon_core.package_identification:_identify(.) by extensions ['ignore', 'ignore_ament_install']
[0.142s] Level 1:colcon.colcon_core.package_identification:_identify(.) by extension 'ignore'
[0.142s] Level 1:colcon.colcon_core.package_identification:_identify(.) by extension 'ignore_ament_install'
[0.142s] Level 1:colcon.colcon_core.package_identification:_identify(.) by extensions ['colcon_pkg']
[0.143s] Level 1:colcon.colcon_core.package_identification:_identify(.) by extension 'colcon_pkg'
[0.143s] Level 1:colcon.colcon_core.package_identification:_identify(.) by extensions ['colcon_meta']
[0.143s] Level 1:colcon.colcon_core.package_identification:_identify(.) by extension 'colcon_meta'
[0.143s] Level 1:colcon.colcon_core.package_identification:_identify(.) by extensions ['ros']
[0.143s] Level 1:colcon.colcon_core.package_identification:_identify(.) by extension 'ros'
[0.169s] Level 1:colcon.colcon_core.package_identification:_identify(.) by extensions ['cmake', 'python']
[0.169s] Level 1:colcon.colcon_core.package_identification:_identify(.) by extension 'cmake'
[0.169s] Level 1:colcon.colcon_core.package_identification:_identify(.) by extension 'python'
[0.169s] Level 1:colcon.colcon_core.package_identification:_identify(.) by extensions ['python_setup_py']
[0.169s] Level 1:colcon.colcon_core.package_identification:_identify(.) by extension 'python_setup_py'
[0.169s] Level 1:colcon.colcon_core.package_identification:_identify(build) by extensions ['ignore', 'ignore_ament_install']
[0.169s] Level 1:colcon.colcon_core.package_identification:_identify(build) by extension 'ignore'
[0.169s] Level 1:colcon.colcon_core.package_identification:_identify(build) ignored
[0.169s] Level 1:colcon.colcon_core.package_identification:_identify(install) by extensions ['ignore', 'ignore_ament_install']
[0.169s] Level 1:colcon.colcon_core.package_identification:_identify(install) by extension 'ignore'
[0.169s] Level 1:colcon.colcon_core.package_identification:_identify(install) ignored
[0.169s] Level 1:colcon.colcon_core.package_identification:_identify(log) by extensions ['ignore', 'ignore_ament_install']
[0.169s] Level 1:colcon.colcon_core.package_identification:_identify(log) by extension 'ignore'
[0.170s] Level 1:colcon.colcon_core.package_identification:_identify(log) ignored
[0.170s] Level 1:colcon.colcon_core.package_identification:_identify(src) by extensions ['ignore', 'ignore_ament_install']
[0.170s] Level 1:colcon.colcon_core.package_identification:_identify(src) by extension 'ignore'
[0.170s] Level 1:colcon.colcon_core.package_identification:_identify(src) by extension 'ignore_ament_install'
[0.170s] Level 1:colcon.colcon_core.package_identification:_identify(src) by extensions ['colcon_pkg']
[0.170s] Level 1:colcon.colcon_core.package_identification:_identify(src) by extension 'colcon_pkg'
[0.170s] Level 1:colcon.colcon_core.package_identification:_identify(src) by extensions ['colcon_meta']
[0.170s] Level 1:colcon.colcon_core.package_identification:_identify(src) by extension 'colcon_meta'
[0.170s] Level 1:colcon.colcon_core.package_identification:_identify(src) by extensions ['ros']
[0.170s] Level 1:colcon.colcon_core.package_identification:_identify(src) by extension 'ros'
[0.170s] Level 1:colcon.colcon_core.package_identification:_identify(src) by extensions ['cmake', 'python']
[0.170s] Level 1:colcon.colcon_core.package_identification:_identify(src) by extension 'cmake'
[0.170s] Level 1:colcon.colcon_core.package_identification:_identify(src) by extension 'python'
[0.170s] Level 1:colcon.colcon_core.package_identification:_identify(src) by extensions ['python_setup_py']
[0.170s] Level 1:colcon.colcon_core.package_identification:_identify(src) by extension 'python_setup_py'
[0.170s] Level 1:colcon.colcon_core.package_identification:_identify(src/my_robot_pkg) by extensions ['ignore', 'ignore_ament_install']
[0.170s] Level 1:colcon.colcon_core.package_identification:_identify(src/my_robot_pkg) by extension 'ignore'
[0.171s] Level 1:colcon.colcon_core.package_identification:_identify(src/my_robot_pkg) by extension 'ignore_ament_install'
[0.171s] Level 1:colcon.colcon_core.package_identification:_identify(src/my_robot_pkg) by extensions ['colcon_pkg']
[0.171s] Level 1:colcon.colcon_core.package_identification:_identify(src/my_robot_pkg) by extension 'colcon_pkg'
[0.171s] Level 1:colcon.colcon_core.package_identification:_identify(src/my_robot_pkg) by extensions ['colcon_meta']
[0.171s] Level 1:colcon.colcon_core.package_identification:_identify(src/my_robot_pkg) by extension 'colcon_meta'
[0.171s] Level 1:colcon.colcon_core.package_identification:_identify(src/my_robot_pkg) by extensions ['ros']
[0.171s] Level 1:colcon.colcon_core.package_identification:_identify(src/my_robot_pkg) by extension 'ros'
[0.174s] DEBUG:colcon.colcon_core.package_identification:Package 'src/my_robot_pkg' with type 'ros.ament_cmake' and name 'my_robot_pkg'
[0.174s] Level 1:colcon.colcon_core.package_discovery:discover_packages(recursive) using defaults
[0.174s] Level 1:colcon.colcon_core.package_discovery:discover_packages(ignore) discover
[0.174s] Level 1:colcon.colcon_core.package_discovery:discover_packages(ignore) using defaults
[0.174s] Level 1:colcon.colcon_core.package_discovery:discover_packages(path) discover
[0.174s] Level 1:colcon.colcon_core.package_discovery:discover_packages(path) using defaults
[0.192s] Level 1:colcon.colcon_core.package_discovery:discover_packages(prefix_path) check parameters
[0.193s] Level 1:colcon.colcon_core.package_discovery:discover_packages(prefix_path) discover
[0.194s] DEBUG:colcon.colcon_installed_package_information.package_discovery:Found 1 installed packages in /home/tanish/ros2_ws/install
[0.196s] DEBUG:colcon.colcon_installed_package_information.package_discovery:Found 434 installed packages in /opt/ros/jazzy
[0.197s] Level 1:colcon.colcon_core.package_discovery:discover_packages(prefix_path) using defaults
[0.252s] Level 5:colcon.colcon_core.verb:set package 'my_robot_pkg' build argument 'cmake_args' from command line to 'None'
[0.252s] Level 5:colcon.colcon_core.verb:set package 'my_robot_pkg' build argument 'cmake_target' from command line to 'None'
[0.252s] Level 5:colcon.colcon_core.verb:set package 'my_robot_pkg' build argument 'cmake_target_skip_unavailable' from command line to 'False'
[0.252s] Level 5:colcon.colcon_core.verb:set package 'my_robot_pkg' build argument 'cmake_clean_cache' from command line to 'False'
[0.252s] Level 5:colcon.colcon_core.verb:set package 'my_robot_pkg' build argument 'cmake_clean_first' from command line to 'False'
[0.252s] Level 5:colcon.colcon_core.verb:set package 'my_robot_pkg' build argument 'cmake_force_configure' from command line to 'False'
[0.252s] Level 5:colcon.colcon_core.verb:set package 'my_robot_pkg' build argument 'ament_cmake_args' from command line to 'None'
[0.252s] Level 5:colcon.colcon_core.verb:set package 'my_robot_pkg' build argument 'catkin_cmake_args' from command line to 'None'
[0.252s] Level 5:colcon.colcon_core.verb:set package 'my_robot_pkg' build argument 'catkin_skip_building_tests' from command line to 'False'
[0.252s] DEBUG:colcon.colcon_core.verb:Building package 'my_robot_pkg' with the following arguments: {'ament_cmake_args': None, 'build_base': '/home/tanish/ros2_ws/build/my_robot_pkg', 'catkin_cmake_args': None, 'catkin_skip_building_tests': False, 'cmake_args': None, 'cmake_clean_cache': False, 'cmake_clean_first': False, 'cmake_force_configure': False, 'cmake_target': None, 'cmake_target_skip_unavailable': False, 'install_base': '/home/tanish/ros2_ws/install/my_robot_pkg', 'merge_install': False, 'path': '/home/tanish/ros2_ws/src/my_robot_pkg', 'symlink_install': False, 'test_result_base': None}
[0.252s] INFO:colcon.colcon_core.executor:Executing jobs using 'parallel' executor
[0.253s] DEBUG:colcon.colcon_parallel_executor.executor.parallel:run_until_complete
[0.253s] INFO:colcon.colcon_ros.task.ament_cmake.build:Building ROS package in '/home/tanish/ros2_ws/src/my_robot_pkg' with build type 'ament_cmake'
[0.253s] INFO:colcon.colcon_cmake.task.cmake.build:Building CMake package in '/home/tanish/ros2_ws/src/my_robot_pkg'
[0.256s] INFO:colcon.colcon_core.plugin_system:Skipping extension 'colcon_core.shell.bat': Not used on non-Windows systems
[0.256s] INFO:colcon.colcon_core.shell:Skip shell extension 'powershell' for command environment: Not usable outside of PowerShell
[0.256s] DEBUG:colcon.colcon_core.shell:Skip shell extension 'dsv' for command environment
[0.267s] DEBUG:colcon.colcon_core.event_handler.log_command:Invoking command in '/home/tanish/ros2_ws/build/my_robot_pkg': CMAKE_PREFIX_PATH=${CMAKE_PREFIX_PATH}:/opt/ros/jazzy DEBUGINFOD_URLS=https://debuginfod.ubuntu.com /usr/bin/cmake --build /home/tanish/ros2_ws/build/my_robot_pkg -- -j22 -l22
[4.281s] DEBUG:colcon.colcon_core.event_handler.log_command:Invoked command in '/home/tanish/ros2_ws/build/my_robot_pkg' returned '0': CMAKE_PREFIX_PATH=${CMAKE_PREFIX_PATH}:/opt/ros/jazzy DEBUGINFOD_URLS=https://debuginfod.ubuntu.com /usr/bin/cmake --build /home/tanish/ros2_ws/build/my_robot_pkg -- -j22 -l22
[4.296s] DEBUG:colcon.colcon_core.event_handler.log_command:Invoking command in '/home/tanish/ros2_ws/build/my_robot_pkg': CMAKE_PREFIX_PATH=${CMAKE_PREFIX_PATH}:/opt/ros/jazzy DEBUGINFOD_URLS=https://debuginfod.ubuntu.com /usr/bin/cmake --install /home/tanish/ros2_ws/build/my_robot_pkg
[4.311s] Level 1:colcon.colcon_core.environment:create_environment_scripts_only(my_robot_pkg)
[4.311s] DEBUG:colcon.colcon_core.event_handler.log_command:Invoked command in '/home/tanish/ros2_ws/build/my_robot_pkg' returned '0': CMAKE_PREFIX_PATH=${CMAKE_PREFIX_PATH}:/opt/ros/jazzy DEBUGINFOD_URLS=https://debuginfod.ubuntu.com /usr/bin/cmake --install /home/tanish/ros2_ws/build/my_robot_pkg
[4.315s] Level 1:colcon.colcon_core.environment:checking '/home/tanish/ros2_ws/install/my_robot_pkg' for CMake module files
[4.316s] Level 1:colcon.colcon_core.environment:checking '/home/tanish/ros2_ws/install/my_robot_pkg' for CMake config files
[4.316s] Level 1:colcon.colcon_core.shell:create_environment_hook('my_robot_pkg', 'cmake_prefix_path')
[4.316s] INFO:colcon.colcon_core.shell:Creating environment hook '/home/tanish/ros2_ws/install/my_robot_pkg/share/my_robot_pkg/hook/cmake_prefix_path.ps1'
[4.317s] INFO:colcon.colcon_core.shell:Creating environment descriptor '/home/tanish/ros2_ws/install/my_robot_pkg/share/my_robot_pkg/hook/cmake_prefix_path.dsv'
[4.318s] INFO:colcon.colcon_core.shell:Creating environment hook '/home/tanish/ros2_ws/install/my_robot_pkg/share/my_robot_pkg/hook/cmake_prefix_path.sh'
[4.319s] Level 1:colcon.colcon_core.environment:checking '/home/tanish/ros2_ws/install/my_robot_pkg/lib'
[4.319s] Level 1:colcon.colcon_core.environment:checking '/home/tanish/ros2_ws/install/my_robot_pkg/bin'
[4.319s] Level 1:colcon.colcon_core.environment:checking '/home/tanish/ros2_ws/install/my_robot_pkg/lib/pkgconfig/my_robot_pkg.pc'
[4.320s] Level 1:colcon.colcon_core.environment:checking '/home/tanish/ros2_ws/install/my_robot_pkg/lib/python3.12/site-packages'
[4.320s] Level 1:colcon.colcon_core.environment:checking '/home/tanish/ros2_ws/install/my_robot_pkg/bin'
[4.320s] INFO:colcon.colcon_core.shell:Creating package script '/home/tanish/ros2_ws/install/my_robot_pkg/share/my_robot_pkg/package.ps1'
[4.321s] INFO:colcon.colcon_core.shell:Creating package descriptor '/home/tanish/ros2_ws/install/my_robot_pkg/share/my_robot_pkg/package.dsv'
[4.322s] INFO:colcon.colcon_core.shell:Creating package script '/home/tanish/ros2_ws/install/my_robot_pkg/share/my_robot_pkg/package.sh'
[4.323s] INFO:colcon.colcon_core.shell:Creating package script '/home/tanish/ros2_ws/install/my_robot_pkg/share/my_robot_pkg/package.bash'
[4.323s] INFO:colcon.colcon_core.shell:Creating package script '/home/tanish/ros2_ws/install/my_robot_pkg/share/my_robot_pkg/package.zsh'
[4.324s] Level 1:colcon.colcon_core.environment:create_file_with_runtime_dependencies(/home/tanish/ros2_ws/install/my_robot_pkg/share/colcon-core/packages/my_robot_pkg)
[4.324s] Level 1:colcon.colcon_core.environment:create_environment_scripts_only(my_robot_pkg)
[4.324s] Level 1:colcon.colcon_core.environment:checking '/home/tanish/ros2_ws/install/my_robot_pkg' for CMake module files
[4.325s] Level 1:colcon.colcon_core.environment:checking '/home/tanish/ros2_ws/install/my_robot_pkg' for CMake config files
[4.325s] Level 1:colcon.colcon_core.shell:create_environment_hook('my_robot_pkg', 'cmake_prefix_path')
[4.325s] INFO:colcon.colcon_core.shell:Creating environment hook '/home/tanish/ros2_ws/install/my_robot_pkg/share/my_robot_pkg/hook/cmake_prefix_path.ps1'
[4.326s] INFO:colcon.colcon_core.shell:Creating environment descriptor '/home/tanish/ros2_ws/install/my_robot_pkg/share/my_robot_pkg/hook/cmake_prefix_path.dsv'
[4.326s] INFO:colcon.colcon_core.shell:Creating environment hook '/home/tanish/ros2_ws/install/my_robot_pkg/share/my_robot_pkg/hook/cmake_prefix_path.sh'
[4.326s] Level 1:colcon.colcon_core.environment:checking '/home/tanish/ros2_ws/install/my_robot_pkg/lib'
[4.326s] Level 1:colcon.colcon_core.environment:checking '/home/tanish/ros2_ws/install/my_robot_pkg/bin'
[4.327s] Level 1:colcon.colcon_core.environment:checking '/home/tanish/ros2_ws/install/my_robot_pkg/lib/pkgconfig/my_robot_pkg.pc'
[4.327s] Level 1:colcon.colcon_core.environment:checking '/home/tanish/ros2_ws/install/my_robot_pkg/lib/python3.12/site-packages'
[4.327s] Level 1:colcon.colcon_core.environment:checking '/home/tanish/ros2_ws/install/my_robot_pkg/bin'
[4.327s] INFO:colcon.colcon_core.shell:Creating package script '/home/tanish/ros2_ws/install/my_robot_pkg/share/my_robot_pkg/package.ps1'
[4.328s] INFO:colcon.colcon_core.shell:Creating package descriptor '/home/tanish/ros2_ws/install/my_robot_pkg/share/my_robot_pkg/package.dsv'
[4.328s] INFO:colcon.colcon_core.shell:Creating package script '/home/tanish/ros2_ws/install/my_robot_pkg/share/my_robot_pkg/package.sh'
[4.329s] INFO:colcon.colcon_core.shell:Creating package script '/home/tanish/ros2_ws/install/my_robot_pkg/share/my_robot_pkg/package.bash'
[4.329s] INFO:colcon.colcon_core.shell:Creating package script '/home/tanish/ros2_ws/install/my_robot_pkg/share/my_robot_pkg/package.zsh'
[4.329s] Level 1:colcon.colcon_core.environment:create_file_with_runtime_dependencies(/home/tanish/ros2_ws/install/my_robot_pkg/share/colcon-core/packages/my_robot_pkg)
[4.330s] DEBUG:colcon.colcon_parallel_executor.executor.parallel:closing loop
[4.330s] DEBUG:colcon.colcon_parallel_executor.executor.parallel:loop closed
[4.330s] DEBUG:colcon.colcon_parallel_executor.executor.parallel:run_until_complete finished with '0'
[4.330s] DEBUG:colcon.colcon_core.event_reactor:joining thread
[4.337s] INFO:colcon.colcon_core.plugin_system:Skipping extension 'colcon_notification.desktop_notification.terminal_notifier': Not used on non-Darwin systems
[4.338s] INFO:colcon.colcon_core.plugin_system:Skipping extension 'colcon_notification.desktop_notification.win32': Not used on non-Windows systems
[4.338s] INFO:colcon.colcon_notification.desktop_notification:Sending desktop notification using 'notify2'
[4.360s] DEBUG:colcon.colcon_core.event_reactor:joined thread
[4.361s] INFO:colcon.colcon_core.shell:Creating prefix script '/home/tanish/ros2_ws/install/local_setup.ps1'
[4.362s] INFO:colcon.colcon_core.shell:Creating prefix util module '/home/tanish/ros2_ws/install/_local_setup_util_ps1.py'
[4.363s] INFO:colcon.colcon_core.shell:Creating prefix chain script '/home/tanish/ros2_ws/install/setup.ps1'
[4.364s] INFO:colcon.colcon_core.shell:Creating prefix script '/home/tanish/ros2_ws/install/local_setup.sh'
[4.365s] INFO:colcon.colcon_core.shell:Creating prefix util module '/home/tanish/ros2_ws/install/_local_setup_util_sh.py'
[4.365s] INFO:colcon.colcon_core.shell:Creating prefix chain script '/home/tanish/ros2_ws/install/setup.sh'
[4.366s] INFO:colcon.colcon_core.shell:Creating prefix script '/home/tanish/ros2_ws/install/local_setup.bash'
[4.367s] INFO:colcon.colcon_core.shell:Creating prefix chain script '/home/tanish/ros2_ws/install/setup.bash'
[4.368s] INFO:colcon.colcon_core.shell:Creating prefix script '/home/tanish/ros2_ws/install/local_setup.zsh'
[4.368s] INFO:colcon.colcon_core.shell:Creating prefix chain script '/home/tanish/ros2_ws/install/setup.zsh'
