[0.011s] Invoking command in '/home/tanish/ros2_ws/build/my_robot_pkg': CMAKE_PREFIX_PATH=${CMAKE_PREFIX_PATH}:/opt/ros/jazzy DEBUGINFOD_URLS=https://debuginfod.ubuntu.com /usr/bin/cmake /home/tanish/ros2_ws/src/my_robot_pkg -DCMAKE_INSTALL_PREFIX=/home/tanish/ros2_ws/install/my_robot_pkg
[0.179s] -- The C compiler identification is GNU 13.3.0
[0.293s] -- The CXX compiler identification is GNU 13.3.0
[0.321s] -- Detecting C compiler ABI info
[0.449s] -- Detecting C compiler ABI info - done
[0.460s] -- Check for working C compiler: /usr/bin/cc - skipped
[0.461s] -- Detecting C compile features
[0.462s] -- Detecting C compile features - done
[0.474s] -- Detecting CXX compiler ABI info
[0.611s] -- Detecting CXX compiler ABI info - done
[0.623s] -- Check for working CXX compiler: /usr/bin/c++ - skipped
[0.623s] -- Detecting CXX compile features
[0.624s] -- Detecting CXX compile features - done
[0.631s] -- Found ament_cmake: 2.5.6 (/opt/ros/jazzy/share/ament_cmake/cmake)
[0.802s] -- Found Python3: /usr/bin/python3 (found version "3.12.3") found components: Interpreter 
[1.019s] -- Found ament_lint_auto: 0.17.5 (/opt/ros/jazzy/share/ament_lint_auto/cmake)
[1.144s] -- Added test 'cppcheck' to perform static code analysis on C / C++ code
[1.144s] -- Configured cppcheck include dirs: $<BUILD_INTERFACE:/home/tanish/ros2_ws/src/my_robot_pkg/include>
[1.144s] -- Configured cppcheck exclude dirs and/or files: 
[1.145s] -- Added test 'lint_cmake' to check CMake code style
[1.147s] -- Added test 'uncrustify' to check C / C++ code style
[1.147s] -- Configured uncrustify additional arguments: 
[1.148s] -- Added test 'xmllint' to check XML markup files
[1.150s] -- Configuring done (1.1s)
[1.154s] -- Generating done (0.0s)
[1.157s] -- Build files have been written to: /home/tanish/ros2_ws/build/my_robot_pkg
[1.164s] Invoked command in '/home/tanish/ros2_ws/build/my_robot_pkg' returned '0': CMAKE_PREFIX_PATH=${CMAKE_PREFIX_PATH}:/opt/ros/jazzy DEBUGINFOD_URLS=https://debuginfod.ubuntu.com /usr/bin/cmake /home/tanish/ros2_ws/src/my_robot_pkg -DCMAKE_INSTALL_PREFIX=/home/tanish/ros2_ws/install/my_robot_pkg
[1.165s] Invoking command in '/home/tanish/ros2_ws/build/my_robot_pkg': CMAKE_PREFIX_PATH=${CMAKE_PREFIX_PATH}:/opt/ros/jazzy DEBUGINFOD_URLS=https://debuginfod.ubuntu.com /usr/bin/cmake --build /home/tanish/ros2_ws/build/my_robot_pkg -- -j22 -l22
[1.238s] [ 50%] [32mBuilding CXX object CMakeFiles/my_first_node.dir/src/my_first_node.cpp.o[0m
[1.294s] [100%] [32m[1mLinking CXX executable my_first_node[0m
[1.356s] [100%] Built target my_first_node
[1.371s] Invoked command in '/home/tanish/ros2_ws/build/my_robot_pkg' returned '0': CMAKE_PREFIX_PATH=${CMAKE_PREFIX_PATH}:/opt/ros/jazzy DEBUGINFOD_URLS=https://debuginfod.ubuntu.com /usr/bin/cmake --build /home/tanish/ros2_ws/build/my_robot_pkg -- -j22 -l22
[1.386s] Invoking command in '/home/tanish/ros2_ws/build/my_robot_pkg': CMAKE_PREFIX_PATH=${CMAKE_PREFIX_PATH}:/opt/ros/jazzy DEBUGINFOD_URLS=https://debuginfod.ubuntu.com /usr/bin/cmake --install /home/tanish/ros2_ws/build/my_robot_pkg
[1.397s] -- Install configuration: ""
[1.397s] -- Installing: /home/tanish/ros2_ws/install/my_robot_pkg/lib/my_robot_pkg/my_first_node
[1.398s] -- Installing: /home/tanish/ros2_ws/install/my_robot_pkg/share/ament_index/resource_index/package_run_dependencies/my_robot_pkg
[1.398s] -- Installing: /home/tanish/ros2_ws/install/my_robot_pkg/share/ament_index/resource_index/parent_prefix_path/my_robot_pkg
[1.398s] -- Installing: /home/tanish/ros2_ws/install/my_robot_pkg/share/my_robot_pkg/environment/ament_prefix_path.sh
[1.398s] -- Installing: /home/tanish/ros2_ws/install/my_robot_pkg/share/my_robot_pkg/environment/ament_prefix_path.dsv
[1.398s] -- Installing: /home/tanish/ros2_ws/install/my_robot_pkg/share/my_robot_pkg/environment/path.sh
[1.398s] -- Installing: /home/tanish/ros2_ws/install/my_robot_pkg/share/my_robot_pkg/environment/path.dsv
[1.398s] -- Installing: /home/tanish/ros2_ws/install/my_robot_pkg/share/my_robot_pkg/local_setup.bash
[1.398s] -- Installing: /home/tanish/ros2_ws/install/my_robot_pkg/share/my_robot_pkg/local_setup.sh
[1.398s] -- Installing: /home/tanish/ros2_ws/install/my_robot_pkg/share/my_robot_pkg/local_setup.zsh
[1.398s] -- Installing: /home/tanish/ros2_ws/install/my_robot_pkg/share/my_robot_pkg/local_setup.dsv
[1.399s] -- Installing: /home/tanish/ros2_ws/install/my_robot_pkg/share/my_robot_pkg/package.dsv
[1.399s] -- Installing: /home/tanish/ros2_ws/install/my_robot_pkg/share/ament_index/resource_index/packages/my_robot_pkg
[1.399s] -- Installing: /home/tanish/ros2_ws/install/my_robot_pkg/share/my_robot_pkg/cmake/my_robot_pkgConfig.cmake
[1.399s] -- Installing: /home/tanish/ros2_ws/install/my_robot_pkg/share/my_robot_pkg/cmake/my_robot_pkgConfig-version.cmake
[1.399s] -- Installing: /home/tanish/ros2_ws/install/my_robot_pkg/share/my_robot_pkg/package.xml
[1.401s] Invoked command in '/home/tanish/ros2_ws/build/my_robot_pkg' returned '0': CMAKE_PREFIX_PATH=${CMAKE_PREFIX_PATH}:/opt/ros/jazzy DEBUGINFOD_URLS=https://debuginfod.ubuntu.com /usr/bin/cmake --install /home/tanish/ros2_ws/build/my_robot_pkg
