[0.019s] Invoking command in '/home/tanish/ros2_ws/build/my_robot_pkg': CMAKE_PREFIX_PATH=${CMAKE_PREFIX_PATH}:/opt/ros/jazzy DEBUGINFOD_URLS=https://debuginfod.ubuntu.com /usr/bin/cmake --build /home/tanish/ros2_ws/build/my_robot_pkg -- -j22 -l22
[0.096s] -- Found ament_cmake: 2.5.6 (/opt/ros/jazzy/share/ament_cmake/cmake)
[0.425s] -- Found rclcpp: 28.1.18 (/opt/ros/jazzy/share/rclcpp/cmake)
[0.470s] -- Found rosidl_generator_c: 4.6.7 (/opt/ros/jazzy/share/rosidl_generator_c/cmake)
[0.482s] -- Found rosidl_generator_cpp: 4.6.7 (/opt/ros/jazzy/share/rosidl_generator_cpp/cmake)
[0.500s] -- Using all available rosidl_typesupport_c: rosidl_typesupport_fastrtps_c;rosidl_typesupport_introspection_c
[0.521s] -- Using all available rosidl_typesupport_cpp: rosidl_typesupport_fastrtps_cpp;rosidl_typesupport_introspection_cpp
[0.621s] -- Found rmw_implementation_cmake: 7.3.3 (/opt/ros/jazzy/share/rmw_implementation_cmake/cmake)
[0.623s] -- Found rmw_fastrtps_cpp: 8.4.3 (/opt/ros/jazzy/share/rmw_fastrtps_cpp/cmake)
[0.732s] -- Using RMW implementation 'rmw_fastrtps_cpp' as default
[0.830s] -- Found std_msgs: 5.3.7 (/opt/ros/jazzy/share/std_msgs/cmake)
[0.853s] -- Found ament_lint_auto: 0.17.5 (/opt/ros/jazzy/share/ament_lint_auto/cmake)
[0.972s] -- Added test 'cppcheck' to perform static code analysis on C / C++ code
[0.972s] -- Configured cppcheck include dirs: 
[0.973s] -- Configured cppcheck exclude dirs and/or files: 
[0.973s] -- Added test 'lint_cmake' to check CMake code style
[0.974s] -- Added test 'uncrustify' to check C / C++ code style
[0.974s] -- Configured uncrustify additional arguments: 
[0.975s] -- Added test 'xmllint' to check XML markup files
[0.977s] -- Configuring done (0.9s)
[0.998s] -- Generating done (0.0s)
[1.005s] -- Build files have been written to: /home/tanish/ros2_ws/build/my_robot_pkg
[1.062s] [ 25%] [32mBuilding CXX object CMakeFiles/robot_controller.dir/src/robot_controller.cpp.o[0m
[1.063s] [ 50%] [32mBuilding CXX object CMakeFiles/sensor_publisher.dir/src/sensor_publisher.cpp.o[0m
[5.473s] [ 75%] [32m[1mLinking CXX executable sensor_publisher[0m
[5.683s] [ 75%] Built target sensor_publisher
[8.835s] [100%] [32m[1mLinking CXX executable robot_controller[0m
[9.138s] [100%] Built target robot_controller
[9.152s] Invoked command in '/home/tanish/ros2_ws/build/my_robot_pkg' returned '0': CMAKE_PREFIX_PATH=${CMAKE_PREFIX_PATH}:/opt/ros/jazzy DEBUGINFOD_URLS=https://debuginfod.ubuntu.com /usr/bin/cmake --build /home/tanish/ros2_ws/build/my_robot_pkg -- -j22 -l22
[9.167s] Invoking command in '/home/tanish/ros2_ws/build/my_robot_pkg': CMAKE_PREFIX_PATH=${CMAKE_PREFIX_PATH}:/opt/ros/jazzy DEBUGINFOD_URLS=https://debuginfod.ubuntu.com /usr/bin/cmake --install /home/tanish/ros2_ws/build/my_robot_pkg
[9.180s] -- Install configuration: ""
[9.180s] -- Installing: /home/tanish/ros2_ws/install/my_robot_pkg/lib/my_robot_pkg/sensor_publisher
[9.182s] -- Set non-toolchain portion of runtime path of "/home/tanish/ros2_ws/install/my_robot_pkg/lib/my_robot_pkg/sensor_publisher" to ""
[9.182s] -- Installing: /home/tanish/ros2_ws/install/my_robot_pkg/lib/my_robot_pkg/robot_controller
[9.189s] -- Set non-toolchain portion of runtime path of "/home/tanish/ros2_ws/install/my_robot_pkg/lib/my_robot_pkg/robot_controller" to ""
[9.190s] -- Up-to-date: /home/tanish/ros2_ws/install/my_robot_pkg/share/ament_index/resource_index/package_run_dependencies/my_robot_pkg
[9.190s] -- Up-to-date: /home/tanish/ros2_ws/install/my_robot_pkg/share/ament_index/resource_index/parent_prefix_path/my_robot_pkg
[9.190s] -- Up-to-date: /home/tanish/ros2_ws/install/my_robot_pkg/share/my_robot_pkg/environment/ament_prefix_path.sh
[9.190s] -- Up-to-date: /home/tanish/ros2_ws/install/my_robot_pkg/share/my_robot_pkg/environment/ament_prefix_path.dsv
[9.190s] -- Up-to-date: /home/tanish/ros2_ws/install/my_robot_pkg/share/my_robot_pkg/environment/path.sh
[9.190s] -- Up-to-date: /home/tanish/ros2_ws/install/my_robot_pkg/share/my_robot_pkg/environment/path.dsv
[9.190s] -- Up-to-date: /home/tanish/ros2_ws/install/my_robot_pkg/share/my_robot_pkg/local_setup.bash
[9.191s] -- Up-to-date: /home/tanish/ros2_ws/install/my_robot_pkg/share/my_robot_pkg/local_setup.sh
[9.191s] -- Up-to-date: /home/tanish/ros2_ws/install/my_robot_pkg/share/my_robot_pkg/local_setup.zsh
[9.191s] -- Up-to-date: /home/tanish/ros2_ws/install/my_robot_pkg/share/my_robot_pkg/local_setup.dsv
[9.191s] -- Installing: /home/tanish/ros2_ws/install/my_robot_pkg/share/my_robot_pkg/package.dsv
[9.191s] -- Up-to-date: /home/tanish/ros2_ws/install/my_robot_pkg/share/ament_index/resource_index/packages/my_robot_pkg
[9.191s] -- Up-to-date: /home/tanish/ros2_ws/install/my_robot_pkg/share/my_robot_pkg/cmake/my_robot_pkgConfig.cmake
[9.191s] -- Up-to-date: /home/tanish/ros2_ws/install/my_robot_pkg/share/my_robot_pkg/cmake/my_robot_pkgConfig-version.cmake
[9.191s] -- Up-to-date: /home/tanish/ros2_ws/install/my_robot_pkg/share/my_robot_pkg/package.xml
[9.193s] Invoked command in '/home/tanish/ros2_ws/build/my_robot_pkg' returned '0': CMAKE_PREFIX_PATH=${CMAKE_PREFIX_PATH}:/opt/ros/jazzy DEBUGINFOD_URLS=https://debuginfod.ubuntu.com /usr/bin/cmake --install /home/tanish/ros2_ws/build/my_robot_pkg
