[0.015s] Invoking command in '/home/tanish/ros2_ws/build/my_robot_pkg': CMAKE_PREFIX_PATH=${CMAKE_PREFIX_PATH}:/opt/ros/jazzy DEBUGINFOD_URLS=https://debuginfod.ubuntu.com /usr/bin/cmake --build /home/tanish/ros2_ws/build/my_robot_pkg -- -j22 -l22
[0.050s] -- Found ament_cmake: 2.5.6 (/opt/ros/jazzy/share/ament_cmake/cmake)
[0.319s] -- Found rclcpp: 28.1.18 (/opt/ros/jazzy/share/rclcpp/cmake)
[0.349s] -- Found rosidl_generator_c: 4.6.7 (/opt/ros/jazzy/share/rosidl_generator_c/cmake)
[0.359s] -- Found rosidl_generator_cpp: 4.6.7 (/opt/ros/jazzy/share/rosidl_generator_cpp/cmake)
[0.370s] -- Using all available rosidl_typesupport_c: rosidl_typesupport_fastrtps_c;rosidl_typesupport_introspection_c
[0.385s] -- Using all available rosidl_typesupport_cpp: rosidl_typesupport_fastrtps_cpp;rosidl_typesupport_introspection_cpp
[0.454s] -- Found rmw_implementation_cmake: 7.3.3 (/opt/ros/jazzy/share/rmw_implementation_cmake/cmake)
[0.455s] -- Found rmw_fastrtps_cpp: 8.4.3 (/opt/ros/jazzy/share/rmw_fastrtps_cpp/cmake)
[0.538s] -- Using RMW implementation 'rmw_fastrtps_cpp' as default
[0.610s] -- Found std_msgs: 5.3.7 (/opt/ros/jazzy/share/std_msgs/cmake)
[0.624s] -- Found std_srvs: 5.3.7 (/opt/ros/jazzy/share/std_srvs/cmake)
[0.650s] -- Found ament_lint_auto: 0.17.5 (/opt/ros/jazzy/share/ament_lint_auto/cmake)
[0.765s] -- Added test 'cppcheck' to perform static code analysis on C / C++ code
[0.765s] -- Configured cppcheck include dirs: 
[0.766s] -- Configured cppcheck exclude dirs and/or files: 
[0.766s] -- Added test 'flake8' to check Python code syntax and style conventions
[0.766s] -- Configured 'flake8' exclude dirs and/or files: 
[0.767s] -- Added test 'lint_cmake' to check CMake code style
[0.767s] -- Added test 'pep257' to check Python code against some of the docstring style conventions in PEP 257
[0.769s] -- Added test 'uncrustify' to check C / C++ code style
[0.769s] -- Configured uncrustify additional arguments: 
[0.769s] -- Added test 'xmllint' to check XML markup files
[0.770s] -- Configuring done (0.7s)
[0.791s] -- Generating done (0.0s)
[0.797s] -- Build files have been written to: /home/tanish/ros2_ws/build/my_robot_pkg
[0.861s] [ 33%] Built target sensor_publisher
[0.861s] [ 66%] Built target motor_service
[0.862s] [100%] Built target robot_controller
[0.877s] Invoked command in '/home/tanish/ros2_ws/build/my_robot_pkg' returned '0': CMAKE_PREFIX_PATH=${CMAKE_PREFIX_PATH}:/opt/ros/jazzy DEBUGINFOD_URLS=https://debuginfod.ubuntu.com /usr/bin/cmake --build /home/tanish/ros2_ws/build/my_robot_pkg -- -j22 -l22
[0.892s] Invoking command in '/home/tanish/ros2_ws/build/my_robot_pkg': CMAKE_PREFIX_PATH=${CMAKE_PREFIX_PATH}:/opt/ros/jazzy DEBUGINFOD_URLS=https://debuginfod.ubuntu.com /usr/bin/cmake --install /home/tanish/ros2_ws/build/my_robot_pkg
[0.902s] -- Install configuration: ""
[0.903s] -- Up-to-date: /home/tanish/ros2_ws/install/my_robot_pkg/lib/my_robot_pkg/sensor_publisher
[0.903s] -- Up-to-date: /home/tanish/ros2_ws/install/my_robot_pkg/lib/my_robot_pkg/robot_controller
[0.903s] -- Up-to-date: /home/tanish/ros2_ws/install/my_robot_pkg/lib/my_robot_pkg/motor_service
[0.904s] -- Installing: /home/tanish/ros2_ws/install/my_robot_pkg/share/my_robot_pkg//launch
[0.904s] -- Installing: /home/tanish/ros2_ws/install/my_robot_pkg/share/my_robot_pkg//launch/robot_system.launch.py
[0.904s] -- Up-to-date: /home/tanish/ros2_ws/install/my_robot_pkg/share/ament_index/resource_index/package_run_dependencies/my_robot_pkg
[0.904s] -- Up-to-date: /home/tanish/ros2_ws/install/my_robot_pkg/share/ament_index/resource_index/parent_prefix_path/my_robot_pkg
[0.904s] -- Up-to-date: /home/tanish/ros2_ws/install/my_robot_pkg/share/my_robot_pkg/environment/ament_prefix_path.sh
[0.904s] -- Up-to-date: /home/tanish/ros2_ws/install/my_robot_pkg/share/my_robot_pkg/environment/ament_prefix_path.dsv
[0.904s] -- Up-to-date: /home/tanish/ros2_ws/install/my_robot_pkg/share/my_robot_pkg/environment/path.sh
[0.904s] -- Up-to-date: /home/tanish/ros2_ws/install/my_robot_pkg/share/my_robot_pkg/environment/path.dsv
[0.904s] -- Up-to-date: /home/tanish/ros2_ws/install/my_robot_pkg/share/my_robot_pkg/local_setup.bash
[0.904s] -- Up-to-date: /home/tanish/ros2_ws/install/my_robot_pkg/share/my_robot_pkg/local_setup.sh
[0.904s] -- Up-to-date: /home/tanish/ros2_ws/install/my_robot_pkg/share/my_robot_pkg/local_setup.zsh
[0.905s] -- Up-to-date: /home/tanish/ros2_ws/install/my_robot_pkg/share/my_robot_pkg/local_setup.dsv
[0.905s] -- Installing: /home/tanish/ros2_ws/install/my_robot_pkg/share/my_robot_pkg/package.dsv
[0.905s] -- Up-to-date: /home/tanish/ros2_ws/install/my_robot_pkg/share/ament_index/resource_index/packages/my_robot_pkg
[0.905s] -- Up-to-date: /home/tanish/ros2_ws/install/my_robot_pkg/share/my_robot_pkg/cmake/my_robot_pkgConfig.cmake
[0.905s] -- Up-to-date: /home/tanish/ros2_ws/install/my_robot_pkg/share/my_robot_pkg/cmake/my_robot_pkgConfig-version.cmake
[0.905s] -- Up-to-date: /home/tanish/ros2_ws/install/my_robot_pkg/share/my_robot_pkg/package.xml
[0.906s] Invoked command in '/home/tanish/ros2_ws/build/my_robot_pkg' returned '0': CMAKE_PREFIX_PATH=${CMAKE_PREFIX_PATH}:/opt/ros/jazzy DEBUGINFOD_URLS=https://debuginfod.ubuntu.com /usr/bin/cmake --install /home/tanish/ros2_ws/build/my_robot_pkg
