[0.015s] Invoking command in '/home/tanish/ros2_ws/build/my_robot_pkg': CMAKE_PREFIX_PATH=${CMAKE_PREFIX_PATH}:/opt/ros/jazzy DEBUGINFOD_URLS=https://debuginfod.ubuntu.com /usr/bin/cmake --build /home/tanish/ros2_ws/build/my_robot_pkg -- -j22 -l22
[0.069s] -- Found ament_cmake: 2.5.6 (/opt/ros/jazzy/share/ament_cmake/cmake)
[0.420s] -- Found rclcpp: 28.1.18 (/opt/ros/jazzy/share/rclcpp/cmake)
[0.485s] -- Found rosidl_generator_c: 4.6.7 (/opt/ros/jazzy/share/rosidl_generator_c/cmake)
[0.506s] -- Found rosidl_generator_cpp: 4.6.7 (/opt/ros/jazzy/share/rosidl_generator_cpp/cmake)
[0.531s] -- Using all available rosidl_typesupport_c: rosidl_typesupport_fastrtps_c;rosidl_typesupport_introspection_c
[0.559s] -- Using all available rosidl_typesupport_cpp: rosidl_typesupport_fastrtps_cpp;rosidl_typesupport_introspection_cpp
[0.671s] -- Found rmw_implementation_cmake: 7.3.3 (/opt/ros/jazzy/share/rmw_implementation_cmake/cmake)
[0.676s] -- Found rmw_fastrtps_cpp: 8.4.3 (/opt/ros/jazzy/share/rmw_fastrtps_cpp/cmake)
[0.801s] -- Found OpenSSL: /usr/lib/x86_64-linux-gnu/libcrypto.so (found version "3.0.13")  
[0.832s] -- Found FastRTPS: /opt/ros/jazzy/include (Required is at least version "2.13") 
[0.865s] -- Using RMW implementation 'rmw_fastrtps_cpp' as default
[1.087s] -- Found std_msgs: 5.3.7 (/opt/ros/jazzy/share/std_msgs/cmake)
[1.113s] -- Found ament_lint_auto: 0.17.5 (/opt/ros/jazzy/share/ament_lint_auto/cmake)
[1.228s] -- Added test 'cppcheck' to perform static code analysis on C / C++ code
[1.229s] -- Configured cppcheck include dirs: 
[1.229s] -- Configured cppcheck exclude dirs and/or files: 
[1.230s] -- Added test 'lint_cmake' to check CMake code style
[1.230s] -- Added test 'uncrustify' to check C / C++ code style
[1.231s] -- Configured uncrustify additional arguments: 
[1.231s] -- Added test 'xmllint' to check XML markup files
[1.232s] -- Configuring done (1.2s)
[1.251s] -- Generating done (0.0s)
[1.257s] -- Build files have been written to: /home/tanish/ros2_ws/build/my_robot_pkg
[1.312s] [ 50%] [32mBuilding CXX object CMakeFiles/minimal_cpp_publisher.dir/src/minimal_cpp_publisher.cpp.o[0m
[1.312s] [ 50%] [32mBuilding CXX object CMakeFiles/my_first_node.dir/src/my_first_node.cpp.o[0m
[1.399s] [ 75%] [32m[1mLinking CXX executable my_first_node[0m
[1.532s] [ 75%] Built target my_first_node
[5.657s] [100%] [32m[1mLinking CXX executable minimal_cpp_publisher[0m
[5.832s] [100%] Built target minimal_cpp_publisher
[5.849s] Invoked command in '/home/tanish/ros2_ws/build/my_robot_pkg' returned '0': CMAKE_PREFIX_PATH=${CMAKE_PREFIX_PATH}:/opt/ros/jazzy DEBUGINFOD_URLS=https://debuginfod.ubuntu.com /usr/bin/cmake --build /home/tanish/ros2_ws/build/my_robot_pkg -- -j22 -l22
[5.862s] Invoking command in '/home/tanish/ros2_ws/build/my_robot_pkg': CMAKE_PREFIX_PATH=${CMAKE_PREFIX_PATH}:/opt/ros/jazzy DEBUGINFOD_URLS=https://debuginfod.ubuntu.com /usr/bin/cmake --install /home/tanish/ros2_ws/build/my_robot_pkg
[5.876s] -- Install configuration: ""
[5.877s] -- Installing: /home/tanish/ros2_ws/install/my_robot_pkg/lib/my_robot_pkg/my_first_node
[5.877s] -- Set non-toolchain portion of runtime path of "/home/tanish/ros2_ws/install/my_robot_pkg/lib/my_robot_pkg/my_first_node" to ""
[5.877s] -- Installing: /home/tanish/ros2_ws/install/my_robot_pkg/lib/my_robot_pkg/minimal_cpp_publisher
[5.879s] -- Set non-toolchain portion of runtime path of "/home/tanish/ros2_ws/install/my_robot_pkg/lib/my_robot_pkg/minimal_cpp_publisher" to ""
[5.879s] -- Up-to-date: /home/tanish/ros2_ws/install/my_robot_pkg/share/ament_index/resource_index/package_run_dependencies/my_robot_pkg
[5.879s] -- Installing: /home/tanish/ros2_ws/install/my_robot_pkg/share/ament_index/resource_index/parent_prefix_path/my_robot_pkg
[5.879s] -- Up-to-date: /home/tanish/ros2_ws/install/my_robot_pkg/share/my_robot_pkg/environment/ament_prefix_path.sh
[5.880s] -- Up-to-date: /home/tanish/ros2_ws/install/my_robot_pkg/share/my_robot_pkg/environment/ament_prefix_path.dsv
[5.880s] -- Up-to-date: /home/tanish/ros2_ws/install/my_robot_pkg/share/my_robot_pkg/environment/path.sh
[5.880s] -- Up-to-date: /home/tanish/ros2_ws/install/my_robot_pkg/share/my_robot_pkg/environment/path.dsv
[5.880s] -- Up-to-date: /home/tanish/ros2_ws/install/my_robot_pkg/share/my_robot_pkg/local_setup.bash
[5.880s] -- Up-to-date: /home/tanish/ros2_ws/install/my_robot_pkg/share/my_robot_pkg/local_setup.sh
[5.880s] -- Up-to-date: /home/tanish/ros2_ws/install/my_robot_pkg/share/my_robot_pkg/local_setup.zsh
[5.880s] -- Up-to-date: /home/tanish/ros2_ws/install/my_robot_pkg/share/my_robot_pkg/local_setup.dsv
[5.881s] -- Up-to-date: /home/tanish/ros2_ws/install/my_robot_pkg/share/my_robot_pkg/package.dsv
[5.881s] -- Up-to-date: /home/tanish/ros2_ws/install/my_robot_pkg/share/ament_index/resource_index/packages/my_robot_pkg
[5.881s] -- Up-to-date: /home/tanish/ros2_ws/install/my_robot_pkg/share/my_robot_pkg/cmake/my_robot_pkgConfig.cmake
[5.881s] -- Up-to-date: /home/tanish/ros2_ws/install/my_robot_pkg/share/my_robot_pkg/cmake/my_robot_pkgConfig-version.cmake
[5.881s] -- Installing: /home/tanish/ros2_ws/install/my_robot_pkg/share/my_robot_pkg/package.xml
[5.882s] Invoked command in '/home/tanish/ros2_ws/build/my_robot_pkg' returned '0': CMAKE_PREFIX_PATH=${CMAKE_PREFIX_PATH}:/opt/ros/jazzy DEBUGINFOD_URLS=https://debuginfod.ubuntu.com /usr/bin/cmake --install /home/tanish/ros2_ws/build/my_robot_pkg
